Vivado Simulator 2020.1
Copyright 1986-1999, 2001-2020 Xilinx, Inc. All Rights Reserved.
Running: C:/Xilinx/Vivado/2020.1/bin/unwrapped/win64.o/xelab.exe -wto b4875eba80984d10ad273cb744727236 --incr --debug typical --relax --mt 2 -L xil_defaultlib -L secureip --snapshot inmultire_tb_behav xil_defaultlib.inmultire_tb -log elaborate.log 
Using 2 slave threads.
Starting static elaboration
Completed static elaboration
Starting simulation data flow analysis
Completed simulation data flow analysis
Time Resolution for simulation is 1ps
Compiling package std.standard
Compiling package std.textio
Compiling package ieee.std_logic_1164
Compiling package ieee.std_logic_arith
Compiling package ieee.numeric_std
Compiling package ieee.std_logic_unsigned
Compiling architecture behavioral of entity xil_defaultlib.FDN [\FDN(n=8)\]
Compiling architecture behavioral of entity xil_defaultlib.SRRN [\SRRN(n=9)\]
Compiling architecture behavioral of entity xil_defaultlib.SRRN [\SRRN(n=8)\]
Compiling architecture behavioral of entity xil_defaultlib.ADDN [\ADDN(n=9)\]
Compiling architecture behavioral of entity xil_defaultlib.UC [uc_default]
Compiling architecture behavioral of entity xil_defaultlib.inmultire [inmultire_default]
Compiling architecture behavioral of entity xil_defaultlib.inmultire_tb
Built simulation snapshot inmultire_tb_behav
