#-----------------------------------------------------------
# Vivado v2020.1 (64-bit)
# SW Build 2902540 on Wed May 27 19:54:49 MDT 2020
# IP Build 2902112 on Wed May 27 22:43:36 MDT 2020
# Start of session at: Wed Oct 28 13:56:50 2020
# Process ID: 4752
# Current directory: C:/Users/bianc/Desktop/Facultate/An3/SSC/Laborator/Laborator 4/project_4.6
# Command line: vivado.exe -gui_launcher_event rodinguilauncherevent1728 C:\Users\bianc\Desktop\Facultate\An3\SSC\Laborator\Laborator 4\project_4.6\project_4.6.xpr
# Log file: C:/Users/bianc/Desktop/Facultate/An3/SSC/Laborator/Laborator 4/project_4.6/vivado.log
# Journal file: C:/Users/bianc/Desktop/Facultate/An3/SSC/Laborator/Laborator 4/project_4.6\vivado.jou
#-----------------------------------------------------------
start_gui
open_project {C:/Users/bianc/Desktop/Facultate/An3/SSC/Laborator/Laborator 4/project_4.6/project_4.6.xpr}
Scanning sources...
Finished scanning sources
INFO: [IP_Flow 19-234] Refreshing IP repositories
INFO: [IP_Flow 19-1704] No user IP repositories specified
INFO: [IP_Flow 19-2313] Loaded Vivado IP repository 'C:/Xilinx/Vivado/2020.1/data/ip'.
open_project: Time (s): cpu = 00:00:28 ; elapsed = 00:00:15 . Memory (MB): peak = 1028.555 ; gain = 0.000
update_compile_order -fileset sources_1
update_compile_order -fileset sources_1
file mkdir C:/Users/bianc/Desktop/Facultate/An3/SSC/Laborator/Laborator 4/project_4.6/project_4.6.srcs/sim_1/new
file mkdir C:/Users/bianc/Desktop/Facultate/An3/SSC/Laborator/Laborator 4/project_4.6/project_4.6.srcs/sim_1/new
file mkdir C:/Users/bianc/Desktop/Facultate/An3/SSC/Laborator/Laborator 4/project_4.6/project_4.6.srcs/sim_1/new
file mkdir C:/Users/bianc/Desktop/Facultate/An3/SSC/Laborator/Laborator 4/project_4.6/project_4.6.srcs/sim_1/new
file mkdir C:/Users/bianc/Desktop/Facultate/An3/SSC/Laborator/Laborator 4/project_4.6/project_4.6.srcs/sim_1/new
set_property SOURCE_SET sources_1 [get_filesets sim_1]
file mkdir C:/Users/bianc/Desktop/Facultate/An3/SSC/Laborator/Laborator 4/project_4.6/project_4.6.srcs/sim_1/new
file mkdir {C:/Users/bianc/Desktop/Facultate/An3/SSC/Laborator/Laborator 4/project_4.6/project_4.6.srcs/sim_1/new}
close [ open {C:/Users/bianc/Desktop/Facultate/An3/SSC/Laborator/Laborator 4/project_4.6/project_4.6.srcs/sim_1/new/inmultireMatriceala_tb.vhd} w ]
add_files -fileset sim_1 {{C:/Users/bianc/Desktop/Facultate/An3/SSC/Laborator/Laborator 4/project_4.6/project_4.6.srcs/sim_1/new/inmultireMatriceala_tb.vhd}}
update_compile_order -fileset sim_1
update_compile_order -fileset sim_1
launch_simulation
Command: launch_simulation 
INFO: [Vivado 12-5682] Launching behavioral simulation in 'C:/Users/bianc/Desktop/Facultate/An3/SSC/Laborator/Laborator 4/project_4.6/project_4.6.sim/sim_1/behav/xsim'
INFO: [SIM-utils-51] Simulation object is 'sim_1'
INFO: [SIM-utils-54] Inspecting design source files for 'inmultireMatriceala_tb' in fileset 'sim_1'...
INFO: [USF-XSim-97] Finding global include files...
INFO: [USF-XSim-98] Fetching design files from 'sim_1'...
INFO: [USF-XSim-2] XSim::Compile design
INFO: [USF-XSim-61] Executing 'COMPILE and ANALYZE' step in 'C:/Users/bianc/Desktop/Facultate/An3/SSC/Laborator/Laborator 4/project_4.6/project_4.6.sim/sim_1/behav/xsim'
"xvhdl --incr --relax -prj inmultireMatriceala_tb_vhdl.prj"
INFO: [VRFC 10-163] Analyzing VHDL file "C:/Users/bianc/Desktop/Facultate/An3/SSC/Laborator/Laborator 4/project_4.6/project_4.6.srcs/sources_1/new/sumatorElementar.vhd" into library xil_defaultlib
INFO: [VRFC 10-3107] analyzing entity 'sumatorElementar'
INFO: [VRFC 10-163] Analyzing VHDL file "C:/Users/bianc/Desktop/Facultate/An3/SSC/Laborator/Laborator 4/project_4.6/project_4.6.srcs/sources_1/new/inmultireMatriceala.vhd" into library xil_defaultlib
INFO: [VRFC 10-3107] analyzing entity 'inmultireMatriceala'
INFO: [VRFC 10-163] Analyzing VHDL file "C:/Users/bianc/Desktop/Facultate/An3/SSC/Laborator/Laborator 4/project_4.6/project_4.6.srcs/sim_1/new/inmultireMatriceala_tb.vhd" into library xil_defaultlib
INFO: [VRFC 10-3107] analyzing entity 'inmultireMatriceala_tb'
INFO: [USF-XSim-69] 'compile' step finished in '4' seconds
INFO: [USF-XSim-3] XSim::Elaborate design
INFO: [USF-XSim-61] Executing 'ELABORATE' step in 'C:/Users/bianc/Desktop/Facultate/An3/SSC/Laborator/Laborator 4/project_4.6/project_4.6.sim/sim_1/behav/xsim'
"xelab -wto 334b264ade684913b723bafaf0f076a1 --incr --debug typical --relax --mt 2 -L xil_defaultlib -L secureip --snapshot inmultireMatriceala_tb_behav xil_defaultlib.inmultireMatriceala_tb -log elaborate.log"
Vivado Simulator 2020.1
Copyright 1986-1999, 2001-2020 Xilinx, Inc. All Rights Reserved.
Running: C:/Xilinx/Vivado/2020.1/bin/unwrapped/win64.o/xelab.exe -wto 334b264ade684913b723bafaf0f076a1 --incr --debug typical --relax --mt 2 -L xil_defaultlib -L secureip --snapshot inmultireMatriceala_tb_behav xil_defaultlib.inmultireMatriceala_tb -log elaborate.log 
Using 2 slave threads.
Starting static elaboration
Completed static elaboration
Starting simulation data flow analysis
Completed simulation data flow analysis
Time Resolution for simulation is 1ps
Compiling package std.standard
Compiling package std.textio
Compiling package ieee.std_logic_1164
Compiling package ieee.std_logic_arith
Compiling architecture behavioral of entity xil_defaultlib.sumatorElementar [sumatorelementar_default]
Compiling architecture behavioral of entity xil_defaultlib.inmultireMatriceala [inmultirematriceala_default]
Compiling architecture behavioral of entity xil_defaultlib.inmultirematriceala_tb
Built simulation snapshot inmultireMatriceala_tb_behav

****** Webtalk v2020.1 (64-bit)
  **** SW Build 2902540 on Wed May 27 19:54:49 MDT 2020
  **** IP Build 2902112 on Wed May 27 22:43:36 MDT 2020
    ** Copyright 1986-2020 Xilinx, Inc. All Rights Reserved.

source C:/Users/bianc/Desktop/Facultate/An3/SSC/Laborator/Laborator -notrace
couldn't read file "C:/Users/bianc/Desktop/Facultate/An3/SSC/Laborator/Laborator": permission denied
INFO: [Common 17-206] Exiting Webtalk at Wed Oct 28 14:59:54 2020...
run_program: Time (s): cpu = 00:00:01 ; elapsed = 00:00:08 . Memory (MB): peak = 1028.555 ; gain = 0.000
INFO: [USF-XSim-69] 'elaborate' step finished in '8' seconds
INFO: [USF-XSim-4] XSim::Simulate design
INFO: [USF-XSim-61] Executing 'SIMULATE' step in 'C:/Users/bianc/Desktop/Facultate/An3/SSC/Laborator/Laborator 4/project_4.6/project_4.6.sim/sim_1/behav/xsim'
INFO: [USF-XSim-98] *** Running xsim
   with args "inmultireMatriceala_tb_behav -key {Behavioral:sim_1:Functional:inmultireMatriceala_tb} -tclbatch {inmultireMatriceala_tb.tcl} -log {simulate.log}"
INFO: [USF-XSim-8] Loading simulator feature
Vivado Simulator 2020.1
Time resolution is 1 ps
source inmultireMatriceala_tb.tcl
# set curr_wave [current_wave_config]
# if { [string length $curr_wave] == 0 } {
#   if { [llength [get_objects]] > 0} {
#     add_wave /
#     set_property needs_save false [current_wave_config]
#   } else {
#      send_msg_id Add_Wave-1 WARNING "No top level signals found. Simulator will start without a wave window. If you want to open a wave window go to 'File->New Waveform Configuration' or type 'create_wave_config' in the TCL console."
#   }
# }
# run 1000ns
INFO: [USF-XSim-96] XSim completed. Design snapshot 'inmultireMatriceala_tb_behav' loaded.
INFO: [USF-XSim-97] XSim simulation ran for 1000ns
launch_simulation: Time (s): cpu = 00:00:10 ; elapsed = 00:00:18 . Memory (MB): peak = 1028.555 ; gain = 0.000
close_sim
INFO: [Simtcl 6-16] Simulation closed
launch_simulation
Command: launch_simulation 
INFO: [Vivado 12-5682] Launching behavioral simulation in 'C:/Users/bianc/Desktop/Facultate/An3/SSC/Laborator/Laborator 4/project_4.6/project_4.6.sim/sim_1/behav/xsim'
INFO: [SIM-utils-51] Simulation object is 'sim_1'
INFO: [SIM-utils-54] Inspecting design source files for 'inmultireMatriceala_tb' in fileset 'sim_1'...
INFO: [USF-XSim-97] Finding global include files...
INFO: [USF-XSim-98] Fetching design files from 'sim_1'...
INFO: [USF-XSim-2] XSim::Compile design
INFO: [USF-XSim-61] Executing 'COMPILE and ANALYZE' step in 'C:/Users/bianc/Desktop/Facultate/An3/SSC/Laborator/Laborator 4/project_4.6/project_4.6.sim/sim_1/behav/xsim'
"xvhdl --incr --relax -prj inmultireMatriceala_tb_vhdl.prj"
INFO: [VRFC 10-163] Analyzing VHDL file "C:/Users/bianc/Desktop/Facultate/An3/SSC/Laborator/Laborator 4/project_4.6/project_4.6.srcs/sources_1/new/inmultireMatriceala.vhd" into library xil_defaultlib
INFO: [VRFC 10-3107] analyzing entity 'inmultireMatriceala'
INFO: [VRFC 10-163] Analyzing VHDL file "C:/Users/bianc/Desktop/Facultate/An3/SSC/Laborator/Laborator 4/project_4.6/project_4.6.srcs/sim_1/new/inmultireMatriceala_tb.vhd" into library xil_defaultlib
INFO: [VRFC 10-3107] analyzing entity 'inmultireMatriceala_tb'
INFO: [USF-XSim-69] 'compile' step finished in '2' seconds
INFO: [USF-XSim-3] XSim::Elaborate design
INFO: [USF-XSim-61] Executing 'ELABORATE' step in 'C:/Users/bianc/Desktop/Facultate/An3/SSC/Laborator/Laborator 4/project_4.6/project_4.6.sim/sim_1/behav/xsim'
"xelab -wto 334b264ade684913b723bafaf0f076a1 --incr --debug typical --relax --mt 2 -L xil_defaultlib -L secureip --snapshot inmultireMatriceala_tb_behav xil_defaultlib.inmultireMatriceala_tb -log elaborate.log"
Vivado Simulator 2020.1
Copyright 1986-1999, 2001-2020 Xilinx, Inc. All Rights Reserved.
Running: C:/Xilinx/Vivado/2020.1/bin/unwrapped/win64.o/xelab.exe -wto 334b264ade684913b723bafaf0f076a1 --incr --debug typical --relax --mt 2 -L xil_defaultlib -L secureip --snapshot inmultireMatriceala_tb_behav xil_defaultlib.inmultireMatriceala_tb -log elaborate.log 
Using 2 slave threads.
Starting static elaboration
Completed static elaboration
Starting simulation data flow analysis
Completed simulation data flow analysis
Time Resolution for simulation is 1ps
Compiling package std.standard
Compiling package std.textio
Compiling package ieee.std_logic_1164
Compiling package ieee.std_logic_arith
Compiling architecture behavioral of entity xil_defaultlib.sumatorElementar [sumatorelementar_default]
Compiling architecture behavioral of entity xil_defaultlib.inmultireMatriceala [inmultirematriceala_default]
Compiling architecture behavioral of entity xil_defaultlib.inmultirematriceala_tb
Built simulation snapshot inmultireMatriceala_tb_behav
INFO: [USF-XSim-69] 'elaborate' step finished in '3' seconds
INFO: [USF-XSim-4] XSim::Simulate design
INFO: [USF-XSim-61] Executing 'SIMULATE' step in 'C:/Users/bianc/Desktop/Facultate/An3/SSC/Laborator/Laborator 4/project_4.6/project_4.6.sim/sim_1/behav/xsim'
INFO: [USF-XSim-98] *** Running xsim
   with args "inmultireMatriceala_tb_behav -key {Behavioral:sim_1:Functional:inmultireMatriceala_tb} -tclbatch {inmultireMatriceala_tb.tcl} -log {simulate.log}"
INFO: [USF-XSim-8] Loading simulator feature
Vivado Simulator 2020.1
Time resolution is 1 ps
source inmultireMatriceala_tb.tcl
# set curr_wave [current_wave_config]
# if { [string length $curr_wave] == 0 } {
#   if { [llength [get_objects]] > 0} {
#     add_wave /
#     set_property needs_save false [current_wave_config]
#   } else {
#      send_msg_id Add_Wave-1 WARNING "No top level signals found. Simulator will start without a wave window. If you want to open a wave window go to 'File->New Waveform Configuration' or type 'create_wave_config' in the TCL console."
#   }
# }
# run 1000ns
INFO: [USF-XSim-96] XSim completed. Design snapshot 'inmultireMatriceala_tb_behav' loaded.
INFO: [USF-XSim-97] XSim simulation ran for 1000ns
launch_simulation: Time (s): cpu = 00:00:06 ; elapsed = 00:00:09 . Memory (MB): peak = 1028.555 ; gain = 0.000
close_sim
INFO: [Simtcl 6-16] Simulation closed
launch_simulation
Command: launch_simulation 
INFO: [Vivado 12-5682] Launching behavioral simulation in 'C:/Users/bianc/Desktop/Facultate/An3/SSC/Laborator/Laborator 4/project_4.6/project_4.6.sim/sim_1/behav/xsim'
INFO: [SIM-utils-51] Simulation object is 'sim_1'
INFO: [SIM-utils-54] Inspecting design source files for 'inmultireMatriceala_tb' in fileset 'sim_1'...
INFO: [USF-XSim-97] Finding global include files...
INFO: [USF-XSim-98] Fetching design files from 'sim_1'...
INFO: [USF-XSim-2] XSim::Compile design
INFO: [USF-XSim-61] Executing 'COMPILE and ANALYZE' step in 'C:/Users/bianc/Desktop/Facultate/An3/SSC/Laborator/Laborator 4/project_4.6/project_4.6.sim/sim_1/behav/xsim'
"xvhdl --incr --relax -prj inmultireMatriceala_tb_vhdl.prj"
INFO: [VRFC 10-163] Analyzing VHDL file "C:/Users/bianc/Desktop/Facultate/An3/SSC/Laborator/Laborator 4/project_4.6/project_4.6.srcs/sim_1/new/inmultireMatriceala_tb.vhd" into library xil_defaultlib
INFO: [VRFC 10-3107] analyzing entity 'inmultireMatriceala_tb'
INFO: [USF-XSim-69] 'compile' step finished in '2' seconds
INFO: [USF-XSim-3] XSim::Elaborate design
INFO: [USF-XSim-61] Executing 'ELABORATE' step in 'C:/Users/bianc/Desktop/Facultate/An3/SSC/Laborator/Laborator 4/project_4.6/project_4.6.sim/sim_1/behav/xsim'
"xelab -wto 334b264ade684913b723bafaf0f076a1 --incr --debug typical --relax --mt 2 -L xil_defaultlib -L secureip --snapshot inmultireMatriceala_tb_behav xil_defaultlib.inmultireMatriceala_tb -log elaborate.log"
Vivado Simulator 2020.1
Copyright 1986-1999, 2001-2020 Xilinx, Inc. All Rights Reserved.
Running: C:/Xilinx/Vivado/2020.1/bin/unwrapped/win64.o/xelab.exe -wto 334b264ade684913b723bafaf0f076a1 --incr --debug typical --relax --mt 2 -L xil_defaultlib -L secureip --snapshot inmultireMatriceala_tb_behav xil_defaultlib.inmultireMatriceala_tb -log elaborate.log 
Using 2 slave threads.
Starting static elaboration
Completed static elaboration
Starting simulation data flow analysis
Completed simulation data flow analysis
Time Resolution for simulation is 1ps
Compiling package std.standard
Compiling package std.textio
Compiling package ieee.std_logic_1164
Compiling package ieee.std_logic_arith
Compiling architecture behavioral of entity xil_defaultlib.sumatorElementar [sumatorelementar_default]
Compiling architecture behavioral of entity xil_defaultlib.inmultireMatriceala [inmultirematriceala_default]
Compiling architecture behavioral of entity xil_defaultlib.inmultirematriceala_tb
Built simulation snapshot inmultireMatriceala_tb_behav
INFO: [USF-XSim-69] 'elaborate' step finished in '3' seconds
INFO: [USF-XSim-4] XSim::Simulate design
INFO: [USF-XSim-61] Executing 'SIMULATE' step in 'C:/Users/bianc/Desktop/Facultate/An3/SSC/Laborator/Laborator 4/project_4.6/project_4.6.sim/sim_1/behav/xsim'
INFO: [USF-XSim-98] *** Running xsim
   with args "inmultireMatriceala_tb_behav -key {Behavioral:sim_1:Functional:inmultireMatriceala_tb} -tclbatch {inmultireMatriceala_tb.tcl} -log {simulate.log}"
INFO: [USF-XSim-8] Loading simulator feature
Vivado Simulator 2020.1
Time resolution is 1 ps
source inmultireMatriceala_tb.tcl
# set curr_wave [current_wave_config]
# if { [string length $curr_wave] == 0 } {
#   if { [llength [get_objects]] > 0} {
#     add_wave /
#     set_property needs_save false [current_wave_config]
#   } else {
#      send_msg_id Add_Wave-1 WARNING "No top level signals found. Simulator will start without a wave window. If you want to open a wave window go to 'File->New Waveform Configuration' or type 'create_wave_config' in the TCL console."
#   }
# }
# run 1000ns
INFO: [USF-XSim-96] XSim completed. Design snapshot 'inmultireMatriceala_tb_behav' loaded.
INFO: [USF-XSim-97] XSim simulation ran for 1000ns
launch_simulation: Time (s): cpu = 00:00:05 ; elapsed = 00:00:09 . Memory (MB): peak = 1028.555 ; gain = 0.000
close [ open {C:/Users/bianc/Desktop/Facultate/An3/SSC/Laborator/Laborator 4/project_4.6/project_4.6.srcs/sources_1/new/inmultireTest.vhd} w ]
add_files {{C:/Users/bianc/Desktop/Facultate/An3/SSC/Laborator/Laborator 4/project_4.6/project_4.6.srcs/sources_1/new/inmultireTest.vhd}}
update_compile_order -fileset sources_1
import_files -norecurse {{C:/Users/bianc/Desktop/Facultate/An3/SSC/Laborator/Laborator 4/project_4.2/project_4.2.srcs/sources_1/new/displ7seg.vhd}}
update_compile_order -fileset sources_1
update_compile_order -fileset sources_1
launch_runs synth_1 -jobs 4
[Wed Oct 28 16:16:16 2020] Launched synth_1...
Run output will be captured here: C:/Users/bianc/Desktop/Facultate/An3/SSC/Laborator/Laborator 4/project_4.6/project_4.6.runs/synth_1/runme.log
launch_runs impl_1 -jobs 4
[Wed Oct 28 16:18:28 2020] Launched impl_1...
Run output will be captured here: C:/Users/bianc/Desktop/Facultate/An3/SSC/Laborator/Laborator 4/project_4.6/project_4.6.runs/impl_1/runme.log
launch_runs impl_1 -to_step write_bitstream -jobs 4
[Wed Oct 28 16:19:43 2020] Launched impl_1...
Run output will be captured here: C:/Users/bianc/Desktop/Facultate/An3/SSC/Laborator/Laborator 4/project_4.6/project_4.6.runs/impl_1/runme.log
close_sim
INFO: [Simtcl 6-16] Simulation closed
exit
INFO: [Common 17-206] Exiting Vivado at Wed Oct 28 16:55:37 2020...
