#-----------------------------------------------------------
# Vivado v2020.1 (64-bit)
# SW Build 2902540 on Wed May 27 19:54:49 MDT 2020
# IP Build 2902112 on Wed May 27 22:43:36 MDT 2020
# Start of session at: Mon Dec  7 19:16:41 2020
# Process ID: 6492
# Current directory: C:/Users/bianc/Desktop/project_7.2
# Command line: vivado.exe -gui_launcher_event rodinguilauncherevent21444 C:\Users\bianc\Desktop\project_7.2\project_7.2.xpr
# Log file: C:/Users/bianc/Desktop/project_7.2/vivado.log
# Journal file: C:/Users/bianc/Desktop/project_7.2\vivado.jou
#-----------------------------------------------------------
start_gui
open_project C:/Users/bianc/Desktop/project_7.2/project_7.2.xpr
INFO: [Project 1-313] Project file moved from 'C:/Users/bianc/Desktop/Facultate/An 3/SSC/Laborator/Laborator 10/project_7.2' since last save.
Scanning sources...
Finished scanning sources
INFO: [IP_Flow 19-234] Refreshing IP repositories
INFO: [IP_Flow 19-1704] No user IP repositories specified
INFO: [IP_Flow 19-2313] Loaded Vivado IP repository 'C:/Xilinx/Vivado/2020.1/data/ip'.
open_project: Time (s): cpu = 00:00:23 ; elapsed = 00:00:09 . Memory (MB): peak = 1024.473 ; gain = 0.000
update_compile_order -fileset sources_1
reset_run synth_1
launch_runs synth_1 -jobs 4
[Mon Dec  7 19:17:52 2020] Launched synth_1...
Run output will be captured here: C:/Users/bianc/Desktop/project_7.2/project_7.2.runs/synth_1/runme.log
reset_run synth_1
launch_runs synth_1 -jobs 4
[Mon Dec  7 19:20:03 2020] Launched synth_1...
Run output will be captured here: C:/Users/bianc/Desktop/project_7.2/project_7.2.runs/synth_1/runme.log
reset_run synth_1
launch_runs synth_1 -jobs 4
[Mon Dec  7 19:21:46 2020] Launched synth_1...
Run output will be captured here: C:/Users/bianc/Desktop/project_7.2/project_7.2.runs/synth_1/runme.log
reset_run synth_1
launch_runs synth_1 -jobs 4
[Mon Dec  7 20:07:18 2020] Launched synth_1...
Run output will be captured here: C:/Users/bianc/Desktop/project_7.2/project_7.2.runs/synth_1/runme.log
launch_runs impl_1 -jobs 4
[Mon Dec  7 20:07:54 2020] Launched impl_1...
Run output will be captured here: C:/Users/bianc/Desktop/project_7.2/project_7.2.runs/impl_1/runme.log
reset_run synth_1
launch_runs synth_1 -jobs 4
[Tue Dec  8 22:12:20 2020] Launched synth_1...
Run output will be captured here: C:/Users/bianc/Desktop/project_7.2/project_7.2.runs/synth_1/runme.log
launch_runs impl_1 -jobs 4
[Tue Dec  8 22:13:38 2020] Launched impl_1...
Run output will be captured here: C:/Users/bianc/Desktop/project_7.2/project_7.2.runs/impl_1/runme.log
exit
INFO: [Common 17-206] Exiting Vivado at Wed Dec  9 20:00:13 2020...
