#-----------------------------------------------------------
# Vivado v2020.1 (64-bit)
# SW Build 2902540 on Wed May 27 19:54:49 MDT 2020
# IP Build 2902112 on Wed May 27 22:43:36 MDT 2020
# Start of session at: Wed Dec  2 13:59:46 2020
# Process ID: 41480
# Current directory: C:/Users/bianc/Desktop/Facultate/An 3/SSC/Laborator/Laborator 8/project_6.3
# Command line: vivado.exe -gui_launcher_event rodinguilauncherevent27628 C:\Users\bianc\Desktop\Facultate\An 3\SSC\Laborator\Laborator 8\project_6.3\project_6.3.xpr
# Log file: C:/Users/bianc/Desktop/Facultate/An 3/SSC/Laborator/Laborator 8/project_6.3/vivado.log
# Journal file: C:/Users/bianc/Desktop/Facultate/An 3/SSC/Laborator/Laborator 8/project_6.3\vivado.jou
#-----------------------------------------------------------
start_gui
open_project {C:/Users/bianc/Desktop/Facultate/An 3/SSC/Laborator/Laborator 8/project_6.3/project_6.3.xpr}
Scanning sources...
Finished scanning sources
INFO: [IP_Flow 19-234] Refreshing IP repositories
INFO: [IP_Flow 19-1704] No user IP repositories specified
INFO: [IP_Flow 19-2313] Loaded Vivado IP repository 'C:/Xilinx/Vivado/2020.1/data/ip'.
open_project: Time (s): cpu = 00:00:13 ; elapsed = 00:00:05 . Memory (MB): peak = 1029.809 ; gain = 0.000
update_compile_order -fileset sources_1
reset_run synth_1
launch_runs synth_1 -jobs 4
[Wed Dec  2 14:02:30 2020] Launched synth_1...
Run output will be captured here: C:/Users/bianc/Desktop/Facultate/An 3/SSC/Laborator/Laborator 8/project_6.3/project_6.3.runs/synth_1/runme.log
launch_runs impl_1 -jobs 4
[Wed Dec  2 14:03:22 2020] Launched impl_1...
Run output will be captured here: C:/Users/bianc/Desktop/Facultate/An 3/SSC/Laborator/Laborator 8/project_6.3/project_6.3.runs/impl_1/runme.log
launch_runs impl_1 -to_step write_bitstream -jobs 4
[Wed Dec  2 14:04:28 2020] Launched impl_1...
Run output will be captured here: C:/Users/bianc/Desktop/Facultate/An 3/SSC/Laborator/Laborator 8/project_6.3/project_6.3.runs/impl_1/runme.log
exit
INFO: [Common 17-206] Exiting Vivado at Wed Dec  2 14:08:11 2020...
