#-----------------------------------------------------------
# Vivado v2020.1 (64-bit)
# SW Build 2902540 on Wed May 27 19:54:49 MDT 2020
# IP Build 2902112 on Wed May 27 22:43:36 MDT 2020
# Start of session at: Mon Nov 30 11:46:28 2020
# Process ID: 40784
# Current directory: C:/Users/bianc/Desktop/Facultate/An 3/SSC/Laborator/Laborator 8/project_6.3
# Command line: vivado.exe -gui_launcher_event rodinguilauncherevent41796 C:\Users\bianc\Desktop\Facultate\An 3\SSC\Laborator\Laborator 8\project_6.3\project_6.3.xpr
# Log file: C:/Users/bianc/Desktop/Facultate/An 3/SSC/Laborator/Laborator 8/project_6.3/vivado.log
# Journal file: C:/Users/bianc/Desktop/Facultate/An 3/SSC/Laborator/Laborator 8/project_6.3\vivado.jou
#-----------------------------------------------------------
start_gui
open_project {C:/Users/bianc/Desktop/Facultate/An 3/SSC/Laborator/Laborator 8/project_6.3/project_6.3.xpr}
Scanning sources...
Finished scanning sources
INFO: [IP_Flow 19-234] Refreshing IP repositories
INFO: [IP_Flow 19-1704] No user IP repositories specified
INFO: [IP_Flow 19-2313] Loaded Vivado IP repository 'C:/Xilinx/Vivado/2020.1/data/ip'.
open_project: Time (s): cpu = 00:00:25 ; elapsed = 00:00:13 . Memory (MB): peak = 1019.410 ; gain = 0.000
update_compile_order -fileset sources_1
add_files -norecurse {{C:/Users/bianc/Desktop/Facultate/An 3/SSC/Laborator/Laborator 8/project_6.3/project_6.3.srcs/sources_1/new/SSC_pkg.vhd}}
close [ open {C:/Users/bianc/Desktop/Facultate/An 3/SSC/Laborator/Laborator 8/project_6.3/project_6.3.srcs/sources_1/new/modulPrincipal.vhd} w ]
add_files {{C:/Users/bianc/Desktop/Facultate/An 3/SSC/Laborator/Laborator 8/project_6.3/project_6.3.srcs/sources_1/new/modulPrincipal.vhd}}
update_compile_order -fileset sources_1
import_files -norecurse {{C:/Users/bianc/Desktop/Facultate/An 3/SSC/Laborator/Laborator 8/project_6.2/project_6.2.srcs/sources_1/imports/new/debounce.vhd}}
update_compile_order -fileset sources_1
reset_run synth_1
launch_runs synth_1 -jobs 4
[Mon Nov 30 12:12:36 2020] Launched synth_1...
Run output will be captured here: C:/Users/bianc/Desktop/Facultate/An 3/SSC/Laborator/Laborator 8/project_6.3/project_6.3.runs/synth_1/runme.log
reset_run synth_1
WARNING: [Vivado 12-1017] Problems encountered:
1. Failed to delete one or more files in run directory C:/Users/bianc/Desktop/Facultate/An 3/SSC/Laborator/Laborator 8/project_6.3/project_6.3.runs/synth_1

update_compile_order -fileset sources_1
launch_runs synth_1 -jobs 4
[Mon Nov 30 12:30:42 2020] Launched synth_1...
Run output will be captured here: C:/Users/bianc/Desktop/Facultate/An 3/SSC/Laborator/Laborator 8/project_6.3/project_6.3.runs/synth_1/runme.log
reset_run synth_1
launch_runs synth_1 -jobs 4
[Mon Nov 30 12:36:45 2020] Launched synth_1...
Run output will be captured here: C:/Users/bianc/Desktop/Facultate/An 3/SSC/Laborator/Laborator 8/project_6.3/project_6.3.runs/synth_1/runme.log
reset_run synth_1
launch_runs synth_1 -jobs 4
[Mon Nov 30 12:37:36 2020] Launched synth_1...
Run output will be captured here: C:/Users/bianc/Desktop/Facultate/An 3/SSC/Laborator/Laborator 8/project_6.3/project_6.3.runs/synth_1/runme.log
reset_run synth_1
launch_runs synth_1 -jobs 4
[Mon Nov 30 12:42:54 2020] Launched synth_1...
Run output will be captured here: C:/Users/bianc/Desktop/Facultate/An 3/SSC/Laborator/Laborator 8/project_6.3/project_6.3.runs/synth_1/runme.log
reset_run synth_1
launch_runs synth_1 -jobs 4
[Mon Nov 30 12:45:58 2020] Launched synth_1...
Run output will be captured here: C:/Users/bianc/Desktop/Facultate/An 3/SSC/Laborator/Laborator 8/project_6.3/project_6.3.runs/synth_1/runme.log
reset_run synth_1
launch_runs synth_1 -jobs 4
[Mon Nov 30 12:47:09 2020] Launched synth_1...
Run output will be captured here: C:/Users/bianc/Desktop/Facultate/An 3/SSC/Laborator/Laborator 8/project_6.3/project_6.3.runs/synth_1/runme.log
reset_run synth_1
launch_runs synth_1 -jobs 4
[Mon Nov 30 12:47:54 2020] Launched synth_1...
Run output will be captured here: C:/Users/bianc/Desktop/Facultate/An 3/SSC/Laborator/Laborator 8/project_6.3/project_6.3.runs/synth_1/runme.log
reset_run synth_1
launch_runs synth_1 -jobs 4
[Mon Nov 30 12:49:04 2020] Launched synth_1...
Run output will be captured here: C:/Users/bianc/Desktop/Facultate/An 3/SSC/Laborator/Laborator 8/project_6.3/project_6.3.runs/synth_1/runme.log
reset_run synth_1
launch_runs synth_1 -jobs 4
[Mon Nov 30 12:51:05 2020] Launched synth_1...
Run output will be captured here: C:/Users/bianc/Desktop/Facultate/An 3/SSC/Laborator/Laborator 8/project_6.3/project_6.3.runs/synth_1/runme.log
reset_run synth_1
launch_runs synth_1 -jobs 4
[Mon Nov 30 12:51:58 2020] Launched synth_1...
Run output will be captured here: C:/Users/bianc/Desktop/Facultate/An 3/SSC/Laborator/Laborator 8/project_6.3/project_6.3.runs/synth_1/runme.log
reset_run synth_1
launch_runs synth_1 -jobs 4
[Mon Nov 30 12:54:16 2020] Launched synth_1...
Run output will be captured here: C:/Users/bianc/Desktop/Facultate/An 3/SSC/Laborator/Laborator 8/project_6.3/project_6.3.runs/synth_1/runme.log
reset_run synth_1
launch_runs synth_1 -jobs 4
[Mon Nov 30 12:55:20 2020] Launched synth_1...
Run output will be captured here: C:/Users/bianc/Desktop/Facultate/An 3/SSC/Laborator/Laborator 8/project_6.3/project_6.3.runs/synth_1/runme.log
reset_run synth_1
launch_runs synth_1 -jobs 4
[Mon Nov 30 12:55:50 2020] Launched synth_1...
Run output will be captured here: C:/Users/bianc/Desktop/Facultate/An 3/SSC/Laborator/Laborator 8/project_6.3/project_6.3.runs/synth_1/runme.log
reset_run synth_1
launch_runs synth_1 -jobs 4
[Mon Nov 30 12:56:27 2020] Launched synth_1...
Run output will be captured here: C:/Users/bianc/Desktop/Facultate/An 3/SSC/Laborator/Laborator 8/project_6.3/project_6.3.runs/synth_1/runme.log
launch_runs impl_1 -jobs 4
[Mon Nov 30 12:56:59 2020] Launched impl_1...
Run output will be captured here: C:/Users/bianc/Desktop/Facultate/An 3/SSC/Laborator/Laborator 8/project_6.3/project_6.3.runs/impl_1/runme.log
add_files -fileset constrs_1 -norecurse {{C:/Users/bianc/Desktop/Facultate/An 3/SSC/Laborator/Laborator 8/project_6.2/project_6.2.srcs/constrs_1/imports/Laborator 4/Nexys4DDR_Master.xdc}}
import_files -fileset constrs_1 {{C:/Users/bianc/Desktop/Facultate/An 3/SSC/Laborator/Laborator 8/project_6.2/project_6.2.srcs/constrs_1/imports/Laborator 4/Nexys4DDR_Master.xdc}}
reset_run synth_1
launch_runs synth_1 -jobs 4
[Mon Nov 30 12:59:12 2020] Launched synth_1...
Run output will be captured here: C:/Users/bianc/Desktop/Facultate/An 3/SSC/Laborator/Laborator 8/project_6.3/project_6.3.runs/synth_1/runme.log
launch_runs impl_1 -jobs 4
[Mon Nov 30 13:00:10 2020] Launched impl_1...
Run output will be captured here: C:/Users/bianc/Desktop/Facultate/An 3/SSC/Laborator/Laborator 8/project_6.3/project_6.3.runs/impl_1/runme.log
launch_runs impl_1 -to_step write_bitstream -jobs 4
[Mon Nov 30 13:01:13 2020] Launched impl_1...
Run output will be captured here: C:/Users/bianc/Desktop/Facultate/An 3/SSC/Laborator/Laborator 8/project_6.3/project_6.3.runs/impl_1/runme.log
reset_run synth_1
launch_runs synth_1 -jobs 4
[Mon Nov 30 13:04:15 2020] Launched synth_1...
Run output will be captured here: C:/Users/bianc/Desktop/Facultate/An 3/SSC/Laborator/Laborator 8/project_6.3/project_6.3.runs/synth_1/runme.log
launch_runs impl_1 -jobs 4
[Mon Nov 30 13:05:04 2020] Launched impl_1...
Run output will be captured here: C:/Users/bianc/Desktop/Facultate/An 3/SSC/Laborator/Laborator 8/project_6.3/project_6.3.runs/impl_1/runme.log
launch_runs impl_1 -to_step write_bitstream -jobs 4
[Mon Nov 30 13:06:15 2020] Launched impl_1...
Run output will be captured here: C:/Users/bianc/Desktop/Facultate/An 3/SSC/Laborator/Laborator 8/project_6.3/project_6.3.runs/impl_1/runme.log
reset_run synth_1
launch_runs synth_1 -jobs 4
[Tue Dec  1 23:17:20 2020] Launched synth_1...
Run output will be captured here: C:/Users/bianc/Desktop/Facultate/An 3/SSC/Laborator/Laborator 8/project_6.3/project_6.3.runs/synth_1/runme.log
launch_runs impl_1 -jobs 4
[Tue Dec  1 23:19:09 2020] Launched impl_1...
Run output will be captured here: C:/Users/bianc/Desktop/Facultate/An 3/SSC/Laborator/Laborator 8/project_6.3/project_6.3.runs/impl_1/runme.log
launch_runs impl_1 -to_step write_bitstream -jobs 4
[Tue Dec  1 23:20:57 2020] Launched impl_1...
Run output will be captured here: C:/Users/bianc/Desktop/Facultate/An 3/SSC/Laborator/Laborator 8/project_6.3/project_6.3.runs/impl_1/runme.log
reset_run synth_1
launch_runs synth_1 -jobs 4
[Tue Dec  1 23:27:50 2020] Launched synth_1...
Run output will be captured here: C:/Users/bianc/Desktop/Facultate/An 3/SSC/Laborator/Laborator 8/project_6.3/project_6.3.runs/synth_1/runme.log
launch_runs impl_1 -jobs 4
[Tue Dec  1 23:28:59 2020] Launched impl_1...
Run output will be captured here: C:/Users/bianc/Desktop/Facultate/An 3/SSC/Laborator/Laborator 8/project_6.3/project_6.3.runs/impl_1/runme.log
launch_runs impl_1 -to_step write_bitstream -jobs 4
[Tue Dec  1 23:30:36 2020] Launched impl_1...
Run output will be captured here: C:/Users/bianc/Desktop/Facultate/An 3/SSC/Laborator/Laborator 8/project_6.3/project_6.3.runs/impl_1/runme.log
reset_run synth_1
launch_runs synth_1 -jobs 4
[Wed Dec  2 11:31:54 2020] Launched synth_1...
Run output will be captured here: C:/Users/bianc/Desktop/Facultate/An 3/SSC/Laborator/Laborator 8/project_6.3/project_6.3.runs/synth_1/runme.log
launch_runs impl_1 -jobs 4
[Wed Dec  2 11:34:49 2020] Launched impl_1...
Run output will be captured here: C:/Users/bianc/Desktop/Facultate/An 3/SSC/Laborator/Laborator 8/project_6.3/project_6.3.runs/impl_1/runme.log
launch_runs impl_1 -to_step write_bitstream -jobs 4
[Wed Dec  2 11:36:34 2020] Launched impl_1...
Run output will be captured here: C:/Users/bianc/Desktop/Facultate/An 3/SSC/Laborator/Laborator 8/project_6.3/project_6.3.runs/impl_1/runme.log
exit
INFO: [Common 17-206] Exiting Vivado at Wed Dec  2 11:39:56 2020...
